{
  "0 debug pnpm:scope": {
    "selected": 1
  },
  "1 debug pnpm:package-manifest": {
    "initial": {
      "name": "video-cover",
      "version": "1.0.0",
      "description": "video cover",
      "main": "./src/index.js",
      "scripts": {
        "start": "cross-env development  webpack serve --mode development",
        "build": "webpack --mode production"
      },
      "keywords": [],
      "author": "",
      "license": "ISC",
      "dependencies": {
        "react": "^18.3.1",
        "react-dom": "^18.3.1"
      },
      "devDependencies": {
        "@babel/core": "^7.24.5",
        "@babel/preset-env": "^7.24.5",
        "@babel/preset-react": "^7.24.1",
        "@types/node": "^20.12.11",
        "@types/react": "^18.3.2",
        "@types/react-dom": "^18.3.0",
        "babel-loader": "^9.1.3",
        "cross-env": "^7.0.3",
        "css-loader": "@6.11.0",
        "html-webpack-plugin": "^5.6.0",
        "postcss": "^8.4.38",
        "postcss-loader": "^8.1.1",
        "sass": "^1.77.1",
        "sass-loader": "^14.2.1",
        "style-loader": "^4.0.0",
        "ts-loader": "^9.5.1",
        "typescript": "^5.4.5",
        "webpack": "^5.91.0",
        "webpack-bundle-analyzer": "^4.10.2",
        "webpack-cli": "^5.1.4",
        "webpack-dev-server": "^5.0.4"
      }
    },
    "prefix": "/Users/sunwenlong/Self/Code/10-MyGit/video-cover"
  },
  "2 debug pnpm:context": {
    "currentLockfileExists": false,
    "storeDir": "/Users/sunwenlong/Library/pnpm/store/v3",
    "virtualStoreDir": "/Users/sunwenlong/Self/Code/10-MyGit/video-cover/node_modules/.pnpm"
  },
  "3 debug pnpm:stage": {
    "prefix": "/Users/sunwenlong/Self/Code/10-MyGit/video-cover",
    "stage": "resolution_started"
  },
  "4 debug pnpm:_dependency_resolved": {
    "resolution": "registry.npmmirror.com/@babel/core/7.24.5",
    "wanted": {
      "dependentId": ".",
      "name": "@babel/core",
      "rawSpec": "^7.24.5"
    }
  },
  "5 debug pnpm:_dependency_resolved": {
    "resolution": "registry.npmmirror.com/@babel/preset-env/7.24.5",
    "wanted": {
      "dependentId": ".",
      "name": "@babel/preset-env",
      "rawSpec": "^7.24.5"
    }
  },
  "6 debug pnpm:_dependency_resolved": {
    "resolution": "registry.npmmirror.com/@babel/preset-react/7.24.1",
    "wanted": {
      "dependentId": ".",
      "name": "@babel/preset-react",
      "rawSpec": "^7.24.1"
    }
  },
  "7 debug pnpm:_dependency_resolved": {
    "resolution": "registry.npmmirror.com/@types/node/20.12.11",
    "wanted": {
      "dependentId": ".",
      "name": "@types/node",
      "rawSpec": "^20.12.11"
    }
  },
  "8 debug pnpm:_dependency_resolved": {
    "resolution": "registry.npmmirror.com/@types/react/18.3.2",
    "wanted": {
      "dependentId": ".",
      "name": "@types/react",
      "rawSpec": "^18.3.2"
    }
  },
  "9 debug pnpm:_dependency_resolved": {
    "resolution": "registry.npmmirror.com/@types/react-dom/18.3.0",
    "wanted": {
      "dependentId": ".",
      "name": "@types/react-dom",
      "rawSpec": "^18.3.0"
    }
  },
  "10 debug pnpm:_dependency_resolved": {
    "resolution": "registry.npmmirror.com/babel-loader/9.1.3",
    "wanted": {
      "dependentId": ".",
      "name": "babel-loader",
      "rawSpec": "^9.1.3"
    }
  },
  "11 debug pnpm:_dependency_resolved": {
    "resolution": "registry.npmmirror.com/cross-env/7.0.3",
    "wanted": {
      "dependentId": ".",
      "name": "cross-env",
      "rawSpec": "^7.0.3"
    }
  },
  "12 debug pnpm:_dependency_resolved": {
    "resolution": "registry.npmmirror.com/html-webpack-plugin/5.6.0",
    "wanted": {
      "dependentId": ".",
      "name": "html-webpack-plugin",
      "rawSpec": "^5.6.0"
    }
  },
  "13 debug pnpm:_dependency_resolved": {
    "resolution": "registry.npmmirror.com/postcss/8.4.38",
    "wanted": {
      "dependentId": ".",
      "name": "postcss",
      "rawSpec": "^8.4.38"
    }
  },
  "14 debug pnpm:_dependency_resolved": {
    "resolution": "registry.npmmirror.com/postcss-loader/8.1.1",
    "wanted": {
      "dependentId": ".",
      "name": "postcss-loader",
      "rawSpec": "^8.1.1"
    }
  },
  "15 debug pnpm:_dependency_resolved": {
    "resolution": "registry.npmmirror.com/sass/1.77.1",
    "wanted": {
      "dependentId": ".",
      "name": "sass",
      "rawSpec": "^1.77.1"
    }
  },
  "16 debug pnpm:_dependency_resolved": {
    "resolution": "registry.npmmirror.com/sass-loader/14.2.1",
    "wanted": {
      "dependentId": ".",
      "name": "sass-loader",
      "rawSpec": "^14.2.1"
    }
  },
  "17 debug pnpm:_dependency_resolved": {
    "resolution": "registry.npmmirror.com/style-loader/4.0.0",
    "wanted": {
      "dependentId": ".",
      "name": "style-loader",
      "rawSpec": "^4.0.0"
    }
  },
  "18 debug pnpm:_dependency_resolved": {
    "resolution": "registry.npmmirror.com/ts-loader/9.5.1",
    "wanted": {
      "dependentId": ".",
      "name": "ts-loader",
      "rawSpec": "^9.5.1"
    }
  },
  "19 debug pnpm:_dependency_resolved": {
    "resolution": "registry.npmmirror.com/typescript/5.4.5",
    "wanted": {
      "dependentId": ".",
      "name": "typescript",
      "rawSpec": "^5.4.5"
    }
  },
  "20 debug pnpm:_dependency_resolved": {
    "resolution": "registry.npmmirror.com/webpack/5.91.0",
    "wanted": {
      "dependentId": ".",
      "name": "webpack",
      "rawSpec": "^5.91.0"
    }
  },
  "21 debug pnpm:_dependency_resolved": {
    "resolution": "registry.npmmirror.com/webpack-bundle-analyzer/4.10.2",
    "wanted": {
      "dependentId": ".",
      "name": "webpack-bundle-analyzer",
      "rawSpec": "^4.10.2"
    }
  },
  "22 debug pnpm:_dependency_resolved": {
    "resolution": "registry.npmmirror.com/webpack-cli/5.1.4",
    "wanted": {
      "dependentId": ".",
      "name": "webpack-cli",
      "rawSpec": "^5.1.4"
    }
  },
  "23 debug pnpm:_dependency_resolved": {
    "resolution": "registry.npmmirror.com/webpack-dev-server/5.0.4",
    "wanted": {
      "dependentId": ".",
      "name": "webpack-dev-server",
      "rawSpec": "^5.0.4"
    }
  },
  "24 debug pnpm:_dependency_resolved": {
    "resolution": "registry.npmmirror.com/react/18.3.1",
    "wanted": {
      "dependentId": ".",
      "name": "react",
      "rawSpec": "^18.3.1"
    }
  },
  "25 debug pnpm:_dependency_resolved": {
    "resolution": "registry.npmmirror.com/react-dom/18.3.1",
    "wanted": {
      "dependentId": ".",
      "name": "react-dom",
      "rawSpec": "^18.3.1"
    }
  },
  "26 error pnpm": {
    "code": "ERR_PNPM_SPEC_NOT_SUPPORTED_BY_ANY_RESOLVER",
    "pkgsStack": [],
    "err": {
      "name": "pnpm",
      "message": "css-loader@@6.11.0 isn't supported by any available resolver.",
      "code": "ERR_PNPM_SPEC_NOT_SUPPORTED_BY_ANY_RESOLVER",
      "stack": "pnpm: css-loader@@6.11.0 isn't supported by any available resolver.\n    at Object.resolve (/Users/sunwenlong/pnpm-global/5/node_modules/.pnpm/pnpm@7.1.9/node_modules/pnpm/dist/pnpm.cjs:84899:17)\n    at async run (/Users/sunwenlong/pnpm-global/5/node_modules/.pnpm/pnpm@7.1.9/node_modules/pnpm/dist/pnpm.cjs:91365:23)"
    }
  }
}